TN:
SF:src\app.js
FN:26,(anonymous_0)
FNF:1
FNH:0
FNDA:0,(anonymous_0)
DA:2,0
DA:5,0
DA:8,0
DA:11,0
DA:14,0
DA:20,0
DA:23,0
DA:26,0
DA:27,0
DA:31,0
LF:10
LH:0
BRF:0
BRH:0
end_of_record
TN:
SF:src\controllers\auth.controller.js
FN:5,register
FN:20,login
FNF:2
FNH:0
FNDA:0,register
FNDA:0,login
DA:2,0
DA:6,0
DA:8,0
DA:11,0
DA:15,0
DA:21,0
DA:23,0
DA:26,0
DA:30,0
DA:36,0
LF:10
LH:0
BRF:0
BRH:0
end_of_record
TN:
SF:src\middlewares\auth.middleware.js
FN:5,authenticateToken
FNF:1
FNH:0
FNDA:0,authenticateToken
DA:2,0
DA:7,0
DA:8,0
DA:11,0
DA:12,0
DA:15,0
DA:17,0
DA:20,0
DA:23,0
DA:26,0
DA:30,0
LF:11
LH:0
BRDA:8,0,0,0
BRDA:8,0,1,0
BRDA:11,1,0,0
BRDA:11,1,1,0
BRF:4
BRH:0
end_of_record
TN:
SF:src\routes\auth.routes.js
FN:22,(anonymous_0)
FNF:1
FNH:0
FNDA:0,(anonymous_0)
DA:2,0
DA:5,0
DA:8,0
DA:11,0
DA:15,0
DA:19,0
DA:22,0
DA:23,0
DA:27,0
LF:9
LH:0
BRF:0
BRH:0
end_of_record
TN:
SF:src\services\auth.service.js
FN:14,register
FN:35,login
FNF:2
FNH:0
FNDA:0,register
FNDA:0,login
DA:2,0
DA:5,0
DA:8,0
DA:11,0
DA:16,0
DA:19,0
DA:30,0
DA:31,0
DA:36,0
DA:39,0
DA:40,0
DA:44,0
DA:45,0
DA:46,0
DA:50,0
DA:53,0
DA:56,0
LF:17
LH:0
BRDA:39,0,0,0
BRDA:39,0,1,0
BRDA:45,1,0,0
BRDA:45,1,1,0
BRF:4
BRH:0
end_of_record
TN:
SF:src\utils\jwt.js
FN:3,generateToken
FNF:1
FNH:0
FNDA:0,generateToken
DA:1,0
DA:4,0
DA:7,0
LF:3
LH:0
BRF:0
BRH:0
end_of_record
TN:
SF:src\utils\validaSenha.js
FN:1,validaSenha
FNF:1
FNH:1
FNDA:5,validaSenha
DA:2,5
DA:5,1
LF:2
LH:2
BRDA:2,0,0,5
BRDA:2,0,1,2
BRF:2
BRH:2
end_of_record
